<?xml version="1.0" encoding="UTF-8"?>
<!-- Generated by org.testng.reporters.JUnitReportReporter -->
<testsuite hostname="LAPTOP-6BR2HM0I" failures="0" tests="4" name="com.qa.opencart.Tests.LoginpageTest" time="2.676" errors="0" timestamp="2025-07-25T22:54:42 IST" skipped="0">
  <testcase classname="com.qa.opencart.Tests.LoginpageTest" name="loginPageTitleTest" time="0.124"/>
  <testcase classname="com.qa.opencart.Tests.LoginpageTest" name="loginPageURLTest" time="0.031"/>
  <testcase classname="com.qa.opencart.Tests.LoginpageTest" name="forgotPwdLinkExistTest" time="0.088"/>
  <testcase classname="com.qa.opencart.Tests.LoginpageTest" name="doLoginTest" time="2.433"/>
</testsuite> <!-- com.qa.opencart.Tests.LoginpageTest -->
