<?xml version="1.0" encoding="UTF-8"?>
<!-- Generated by org.testng.reporters.JUnitReportReporter -->
<testsuite hostname="LAPTOP-6BR2HM0I" failures="0" tests="10" name="com.qa.opencart.Tests.AccountsPageTest" time="8.566" errors="0" timestamp="2025-07-25T19:52:55 IST" skipped="0">
  <testcase classname="com.qa.opencart.Tests.AccountsPageTest" name="accPageTitleTest" time="0.025"/>
  <testcase classname="com.qa.opencart.Tests.AccountsPageTest" name="isLogoutLinkExistTest" time="0.056"/>
  <testcase classname="com.qa.opencart.Tests.AccountsPageTest" name="accPageHeadersTest" time="0.110"/>
  <testcase classname="com.qa.opencart.Tests.AccountsPageTest" name="SearchCountTest" time="1.242"/>
  <testcase classname="com.qa.opencart.Tests.AccountsPageTest" name="SearchCountTest" time="0.779"/>
  <testcase classname="com.qa.opencart.Tests.AccountsPageTest" name="SearchCountTest" time="0.795"/>
  <testcase classname="com.qa.opencart.Tests.AccountsPageTest" name="searchTest" time="1.605"/>
  <testcase classname="com.qa.opencart.Tests.AccountsPageTest" name="searchTest" time="1.314"/>
  <testcase classname="com.qa.opencart.Tests.AccountsPageTest" name="searchTest" time="1.119"/>
  <testcase classname="com.qa.opencart.Tests.AccountsPageTest" name="searchTest" time="1.521"/>
</testsuite> <!-- com.qa.opencart.Tests.AccountsPageTest -->
