<?xml version="1.0" encoding="UTF-8"?>
<!-- Generated by org.testng.reporters.JUnitReportReporter -->
<testsuite hostname="LAPTOP-6BR2HM0I" failures="0" tests="5" name="com.qa.opencart.Tests.AccountsPageTest" time="3.280" errors="0" timestamp="2025-07-11T23:28:48 IST" skipped="0">
  <testcase classname="com.qa.opencart.Tests.AccountsPageTest" name="accPageTitleTest" time="0.571"/>
  <testcase classname="com.qa.opencart.Tests.AccountsPageTest" name="isLogoutLinkExistTest" time="0.071"/>
  <testcase classname="com.qa.opencart.Tests.AccountsPageTest" name="accPageHeadersTest" time="0.190"/>
  <testcase classname="com.qa.opencart.Tests.AccountsPageTest" name="SearchCountTest" time="0.883"/>
  <testcase classname="com.qa.opencart.Tests.AccountsPageTest" name="searchTest" time="1.565"/>
</testsuite> <!-- com.qa.opencart.Tests.AccountsPageTest -->
