<?xml version="1.0" encoding="UTF-8"?>
<!-- Generated by org.testng.reporters.JUnitReportReporter -->
<testsuite hostname="LAPTOP-6BR2HM0I" failures="0" tests="4" name="com.qa.opencart.Tests.LoginpageTest" time="1.248" errors="0" timestamp="2025-07-10T23:33:50 IST" skipped="0">
  <testcase classname="com.qa.opencart.Tests.LoginpageTest" name="getLoginPageTitleTest" time="0.034"/>
  <testcase classname="com.qa.opencart.Tests.LoginpageTest" name="getLoginPageURLTest" time="0.040"/>
  <testcase classname="com.qa.opencart.Tests.LoginpageTest" name="isForgotPasswordLinkExistTest" time="0.072"/>
  <testcase classname="com.qa.opencart.Tests.LoginpageTest" name="doLoginTest" time="1.102"/>
</testsuite> <!-- com.qa.opencart.Tests.LoginpageTest -->
