<?xml version="1.0" encoding="UTF-8"?>
<!-- Generated by org.testng.reporters.JUnitReportReporter -->
<testsuite hostname="LAPTOP-6BR2HM0I" failures="0" tests="4" name="com.qa.opencart.Tests.LoginpageTest" time="1.303" errors="0" timestamp="2025-07-28T13:54:01 IST" skipped="0">
  <testcase classname="com.qa.opencart.Tests.LoginpageTest" name="loginPageTitleTest" time="0.101"/>
  <testcase classname="com.qa.opencart.Tests.LoginpageTest" name="loginPageURLTest" time="0.036"/>
  <testcase classname="com.qa.opencart.Tests.LoginpageTest" name="forgotPwdLinkExistTest" time="0.120"/>
  <testcase classname="com.qa.opencart.Tests.LoginpageTest" name="doLoginTest" time="1.046"/>
</testsuite> <!-- com.qa.opencart.Tests.LoginpageTest -->
